<?xml version="1.0" encoding="UTF-8"?>
<beans xmlns="http://www.springframework.org/schema/beans"
	   xmlns:xsi="http://www.w3.org/2001/XMLSchema-instance" xmlns:dubbo="http://code.alibabatech.com/schema/dubbo"
	   xmlns:context="http://www.springframework.org/schema/context"
	   xsi:schemaLocation="http://www.springframework.org/schema/beans     http://www.springframework.org/schema/beans/spring-beans.xsd
	                    http://code.alibabatech.com/schema/dubbo        http://code.alibabatech.com/schema/dubbo/dubbo.xsd
	                    http://www.springframework.org/schema/context   http://www.springframework.org/schema/context/spring-context.xsd">


	<!--<dubbo:consumer/>-->
	<!--<context:property-placeholder  ignore-resource-not-found="true"-->
								   <!--location="classpath:properties/dubbo.properties" />-->

	<!-- 用dubbo协议暴露服务 -->
	<dubbo:protocol name="dubbo" port="${dubbo.protocol.port}"/>
	<!-- 提供方应用信息，用于计算依赖关系 -->
	<dubbo:application name="${dubbo.application.name}" />


	<!-- zookeeper地址 -->
	<dubbo:registry address="${dubbo.registry.address}" />
	<dubbo:monitor protocol="${dubbo.monitor.protocol}"  />

	<!-- 声明需要暴露的服务接口 -->
	<dubbo:service
		interface="cn.com.architecture.service.TestService"
		ref="testService" />
	<bean id="testService"
		class="cn.com.architecture.service.impl.TestServiceImpl" />

	<!--&lt;!&ndash;<dubbo:provider timeout="10000" />&ndash;&gt;-->
	<!--<beans profile="dev">-->
		<!--<bean id="placeholderProperties"-->
			  <!--class="cn.com.architecture.service.test.EnvironmentPlaceHolderConfiguer">-->
			<!--<property name="locations">-->
				<!--<list>-->
					<!--<value>classpath:properties/*.properties</value>-->
				<!--</list>-->
			<!--</property>-->
			<!--<property name="ignoreResourceNotFound" value="false"/>-->
			<!--<property name="ignoreUnresolvablePlaceholders" value="false"/>-->
			<!--<property name="order" value="1"/>-->
		<!--</bean>-->
	<!--</beans>-->

</beans>